2024-03-02 18:32:03,155 INFO o.a.j.u.JMeterUtils: Setting Locale to pt_BR
2024-03-02 18:32:03,186 INFO o.a.j.JMeter: Loading user properties from: user.properties
2024-03-02 18:32:03,188 INFO o.a.j.JMeter: Loading system properties from: system.properties
2024-03-02 18:32:03,203 INFO o.a.j.JMeter: Copyright (c) 1998-2024 The Apache Software Foundation
2024-03-02 18:32:03,204 INFO o.a.j.JMeter: Version 5.6.3
2024-03-02 18:32:03,204 INFO o.a.j.JMeter: java.version=1.8.0_401
2024-03-02 18:32:03,204 INFO o.a.j.JMeter: java.vm.name=Java HotSpot(TM) 64-Bit Server VM
2024-03-02 18:32:03,204 INFO o.a.j.JMeter: os.name=Windows 11
2024-03-02 18:32:03,204 INFO o.a.j.JMeter: os.arch=amd64
2024-03-02 18:32:03,204 INFO o.a.j.JMeter: os.version=10.0
2024-03-02 18:32:03,204 INFO o.a.j.JMeter: file.encoding=Cp1252
2024-03-02 18:32:03,204 INFO o.a.j.JMeter: java.awt.headless=null
2024-03-02 18:32:03,205 INFO o.a.j.JMeter: Max memory     =2373451776
2024-03-02 18:32:03,205 INFO o.a.j.JMeter: Available Processors =8
2024-03-02 18:32:03,218 INFO o.a.j.JMeter: Default Locale=português (Brasil)
2024-03-02 18:32:03,218 INFO o.a.j.JMeter: JMeter  Locale=português (Brasil)
2024-03-02 18:32:03,218 INFO o.a.j.JMeter: JMeterHome=C:\Users\quint\OneDrive\Documentos\Repositorios\Exercicios_Ebac_Performance\apache-jmeter-5.6.3
2024-03-02 18:32:03,218 INFO o.a.j.JMeter: user.dir  =C:\Users\quint\OneDrive\Documentos\Repositorios\Exercicios_Ebac_Performance\apache-jmeter-5.6.3\bin
2024-03-02 18:32:03,220 INFO o.a.j.JMeter: PWD       =C:\Users\quint\OneDrive\Documentos\Repositorios\Exercicios_Ebac_Performance\apache-jmeter-5.6.3\bin
2024-03-02 18:32:03,223 INFO o.a.j.JMeter: IP: 192.168.1.109 Name: Quin-PC FullName: Quin-PC
2024-03-02 18:32:03,264 INFO o.a.j.JMeter: Loaded icon properties from org/apache/jmeter/images/icon.properties
2024-03-02 18:32:03,710 INFO o.a.j.JMeterGuiLauncher: Setting LAF to: com.github.weisj.darklaf.DarkLaf:com.github.weisj.darklaf.theme.DarculaTheme
2024-03-02 18:32:05,647 INFO o.a.j.r.ClassFinder: Will scan jar C:\Users\quint\OneDrive\Documentos\Repositorios\Exercicios_Ebac_Performance\apache-jmeter-5.6.3\lib\ext\jmeter-plugins-perfmon-2.1.jar with filter ExtendsClassFilter [parents=[interface org.apache.jmeter.gui.action.Command], inner=false, contains=null, notContains=null]. Consider exposing JMeter plugins via META-INF/services, and add JMeter-Skip-Class-Scanning=true manifest attribute so JMeter can skip classfile scanning
2024-03-02 18:32:05,678 INFO o.a.j.r.ClassFinder: Will scan jar C:\Users\quint\OneDrive\Documentos\Repositorios\Exercicios_Ebac_Performance\apache-jmeter-5.6.3\lib\ext\jmeter-plugins-graphs-basic-2.0.jar with filter ExtendsClassFilter [parents=[interface org.apache.jmeter.gui.action.Command], inner=false, contains=null, notContains=null]. Consider exposing JMeter plugins via META-INF/services, and add JMeter-Skip-Class-Scanning=true manifest attribute so JMeter can skip classfile scanning
2024-03-02 18:32:05,678 INFO o.a.j.r.ClassFinder: Will scan jar C:\Users\quint\OneDrive\Documentos\Repositorios\Exercicios_Ebac_Performance\apache-jmeter-5.6.3\lib\ext\validatetg-1.0.1.jar with filter ExtendsClassFilter [parents=[interface org.apache.jmeter.gui.action.Command], inner=false, contains=null, notContains=null]. Consider exposing JMeter plugins via META-INF/services, and add JMeter-Skip-Class-Scanning=true manifest attribute so JMeter can skip classfile scanning
2024-03-02 18:32:05,694 INFO o.a.j.r.ClassFinder: Will scan jar C:\Users\quint\OneDrive\Documentos\Repositorios\Exercicios_Ebac_Performance\apache-jmeter-5.6.3\lib\ext\jmeter-plugins-manager-1.10.jar with filter ExtendsClassFilter [parents=[interface org.apache.jmeter.gui.action.Command], inner=false, contains=null, notContains=null]. Consider exposing JMeter plugins via META-INF/services, and add JMeter-Skip-Class-Scanning=true manifest attribute so JMeter can skip classfile scanning
2024-03-02 18:32:06,015 INFO o.a.j.r.ClassFinder: Will scan jar C:\Users\quint\OneDrive\Documentos\Repositorios\Exercicios_Ebac_Performance\apache-jmeter-5.6.3\lib\ext\jmeter-plugins-graphs-vs-2.0.jar with filter ExtendsClassFilter [parents=[interface org.apache.jmeter.gui.action.Command], inner=false, contains=null, notContains=null]. Consider exposing JMeter plugins via META-INF/services, and add JMeter-Skip-Class-Scanning=true manifest attribute so JMeter can skip classfile scanning
2024-03-02 18:32:06,247 INFO o.a.j.r.ClassFinder: Will scan jar C:\Users\quint\OneDrive\Documentos\Repositorios\Exercicios_Ebac_Performance\apache-jmeter-5.6.3\lib\ext\jmeter-plugins-perfmon-2.1.jar with filter ExtendsClassFilter [parents=[interface org.apache.jmeter.gui.plugin.MenuCreator], inner=false, contains=null, notContains=null]. Consider exposing JMeter plugins via META-INF/services, and add JMeter-Skip-Class-Scanning=true manifest attribute so JMeter can skip classfile scanning
2024-03-02 18:32:06,249 INFO o.a.j.r.ClassFinder: Will scan jar C:\Users\quint\OneDrive\Documentos\Repositorios\Exercicios_Ebac_Performance\apache-jmeter-5.6.3\lib\ext\jmeter-plugins-graphs-basic-2.0.jar with filter ExtendsClassFilter [parents=[interface org.apache.jmeter.gui.plugin.MenuCreator], inner=false, contains=null, notContains=null]. Consider exposing JMeter plugins via META-INF/services, and add JMeter-Skip-Class-Scanning=true manifest attribute so JMeter can skip classfile scanning
2024-03-02 18:32:06,250 INFO o.a.j.r.ClassFinder: Will scan jar C:\Users\quint\OneDrive\Documentos\Repositorios\Exercicios_Ebac_Performance\apache-jmeter-5.6.3\lib\ext\validatetg-1.0.1.jar with filter ExtendsClassFilter [parents=[interface org.apache.jmeter.gui.plugin.MenuCreator], inner=false, contains=null, notContains=null]. Consider exposing JMeter plugins via META-INF/services, and add JMeter-Skip-Class-Scanning=true manifest attribute so JMeter can skip classfile scanning
2024-03-02 18:32:06,254 INFO o.a.j.r.ClassFinder: Will scan jar C:\Users\quint\OneDrive\Documentos\Repositorios\Exercicios_Ebac_Performance\apache-jmeter-5.6.3\lib\ext\jmeter-plugins-manager-1.10.jar with filter ExtendsClassFilter [parents=[interface org.apache.jmeter.gui.plugin.MenuCreator], inner=false, contains=null, notContains=null]. Consider exposing JMeter plugins via META-INF/services, and add JMeter-Skip-Class-Scanning=true manifest attribute so JMeter can skip classfile scanning
2024-03-02 18:32:06,261 INFO o.a.j.r.ClassFinder: Will scan jar C:\Users\quint\OneDrive\Documentos\Repositorios\Exercicios_Ebac_Performance\apache-jmeter-5.6.3\lib\ext\jmeter-plugins-graphs-vs-2.0.jar with filter ExtendsClassFilter [parents=[interface org.apache.jmeter.gui.plugin.MenuCreator], inner=false, contains=null, notContains=null]. Consider exposing JMeter plugins via META-INF/services, and add JMeter-Skip-Class-Scanning=true manifest attribute so JMeter can skip classfile scanning
2024-03-02 18:32:07,481 INFO o.j.r.JARSourceHTTP: Found cached repo
2024-03-02 18:32:07,790 INFO o.j.r.PluginManager: Plugins Status: [jpgc-graphs-basic=2.0, jpgc-graphs-vs=2.0, jpgc-perfmon=2.1, jpgc-plugins-manager=1.10, validate-thread-group=1.0.1, jmeter-core=5.6.3, jmeter-ftp=5.6.3, jmeter-http=5.6.3, jmeter-jdbc=5.6.3, jmeter-jms=5.6.3, jmeter-junit=5.6.3, jmeter-java=5.6.3, jmeter-ldap=5.6.3, jmeter-mail=5.6.3, jmeter-mongodb=5.6.3, jmeter-native=5.6.3, jmeter-tcp=5.6.3, jmeter-components=5.6.3]
2024-03-02 18:32:09,070 INFO o.a.j.JMeterGuiLauncher: Loading file: C:\Users\quint\OneDrive\Documentos\Repositorios\Exercicios_Ebac_Performance\Tests\youtube\youtube.jmx
2024-03-02 18:32:09,075 INFO o.a.j.s.FileServer: Default base='C:\Users\quint\OneDrive\Documentos\Repositorios\Exercicios_Ebac_Performance\apache-jmeter-5.6.3\bin'
2024-03-02 18:32:09,078 INFO o.a.j.s.FileServer: Set new base='C:\Users\quint\OneDrive\Documentos\Repositorios\Exercicios_Ebac_Performance\Tests\youtube'
2024-03-02 18:32:09,428 INFO o.a.j.s.SaveService: Testplan (JMX) version: 2.2. Testlog (JTL) version: 2.2
2024-03-02 18:32:09,447 INFO o.a.j.s.SaveService: Using SaveService properties file encoding UTF-8
2024-03-02 18:32:09,452 INFO o.a.j.s.SaveService: Using SaveService properties version 5.0
2024-03-02 18:32:09,466 INFO o.a.j.s.SaveService: Loading file: C:\Users\quint\OneDrive\Documentos\Repositorios\Exercicios_Ebac_Performance\Tests\youtube\youtube.jmx
2024-03-02 18:32:09,793 INFO o.a.j.p.h.s.HTTPSamplerBase: Parser for text/html is org.apache.jmeter.protocol.http.parser.LagartoBasedHtmlParser
2024-03-02 18:32:09,793 INFO o.a.j.p.h.s.HTTPSamplerBase: Parser for application/xhtml+xml is org.apache.jmeter.protocol.http.parser.LagartoBasedHtmlParser
2024-03-02 18:32:09,793 INFO o.a.j.p.h.s.HTTPSamplerBase: Parser for application/xml is org.apache.jmeter.protocol.http.parser.LagartoBasedHtmlParser
2024-03-02 18:32:09,793 INFO o.a.j.p.h.s.HTTPSamplerBase: Parser for text/xml is org.apache.jmeter.protocol.http.parser.LagartoBasedHtmlParser
2024-03-02 18:32:09,793 INFO o.a.j.p.h.s.HTTPSamplerBase: Parser for text/vnd.wap.wml is org.apache.jmeter.protocol.http.parser.RegexpHTMLParser
2024-03-02 18:32:09,793 INFO o.a.j.p.h.s.HTTPSamplerBase: Parser for text/css is org.apache.jmeter.protocol.http.parser.CssParser
2024-03-02 18:32:10,020 INFO o.a.j.s.FileServer: Set new base='C:\Users\quint\OneDrive\Documentos\Repositorios\Exercicios_Ebac_Performance\Tests\youtube'
2024-03-02 18:32:10,597 INFO o.a.j.s.SampleResult: Note: Sample TimeStamps are START times
2024-03-02 18:32:10,597 INFO o.a.j.s.SampleResult: sampleresult.default.encoding is set to UTF-8
2024-03-02 18:32:10,597 INFO o.a.j.s.SampleResult: sampleresult.useNanoTime=true
2024-03-02 18:32:10,597 INFO o.a.j.s.SampleResult: sampleresult.nanoThreadSleep=5000
2024-03-02 18:32:10,893 INFO o.a.j.r.ClassFinder: Will scan jar C:\Users\quint\OneDrive\Documentos\Repositorios\Exercicios_Ebac_Performance\apache-jmeter-5.6.3\lib\ext\jmeter-plugins-perfmon-2.1.jar with filter ExtendsClassFilter [parents=[interface org.apache.jmeter.visualizers.ResultRenderer], inner=false, contains=null, notContains=null]. Consider exposing JMeter plugins via META-INF/services, and add JMeter-Skip-Class-Scanning=true manifest attribute so JMeter can skip classfile scanning
2024-03-02 18:32:10,895 INFO o.a.j.r.ClassFinder: Will scan jar C:\Users\quint\OneDrive\Documentos\Repositorios\Exercicios_Ebac_Performance\apache-jmeter-5.6.3\lib\ext\jmeter-plugins-graphs-basic-2.0.jar with filter ExtendsClassFilter [parents=[interface org.apache.jmeter.visualizers.ResultRenderer], inner=false, contains=null, notContains=null]. Consider exposing JMeter plugins via META-INF/services, and add JMeter-Skip-Class-Scanning=true manifest attribute so JMeter can skip classfile scanning
2024-03-02 18:32:10,896 INFO o.a.j.r.ClassFinder: Will scan jar C:\Users\quint\OneDrive\Documentos\Repositorios\Exercicios_Ebac_Performance\apache-jmeter-5.6.3\lib\ext\validatetg-1.0.1.jar with filter ExtendsClassFilter [parents=[interface org.apache.jmeter.visualizers.ResultRenderer], inner=false, contains=null, notContains=null]. Consider exposing JMeter plugins via META-INF/services, and add JMeter-Skip-Class-Scanning=true manifest attribute so JMeter can skip classfile scanning
2024-03-02 18:32:10,900 INFO o.a.j.r.ClassFinder: Will scan jar C:\Users\quint\OneDrive\Documentos\Repositorios\Exercicios_Ebac_Performance\apache-jmeter-5.6.3\lib\ext\jmeter-plugins-manager-1.10.jar with filter ExtendsClassFilter [parents=[interface org.apache.jmeter.visualizers.ResultRenderer], inner=false, contains=null, notContains=null]. Consider exposing JMeter plugins via META-INF/services, and add JMeter-Skip-Class-Scanning=true manifest attribute so JMeter can skip classfile scanning
2024-03-02 18:32:10,905 INFO o.a.j.r.ClassFinder: Will scan jar C:\Users\quint\OneDrive\Documentos\Repositorios\Exercicios_Ebac_Performance\apache-jmeter-5.6.3\lib\ext\jmeter-plugins-graphs-vs-2.0.jar with filter ExtendsClassFilter [parents=[interface org.apache.jmeter.visualizers.ResultRenderer], inner=false, contains=null, notContains=null]. Consider exposing JMeter plugins via META-INF/services, and add JMeter-Skip-Class-Scanning=true manifest attribute so JMeter can skip classfile scanning
2024-03-02 18:32:10,952 INFO o.a.j.r.ClassFinder: Will scan jar C:\Users\quint\OneDrive\Documentos\Repositorios\Exercicios_Ebac_Performance\apache-jmeter-5.6.3\lib\ext\jmeter-plugins-perfmon-2.1.jar with filter ExtendsClassFilter [parents=[interface org.apache.jmeter.visualizers.RequestView], inner=false, contains=null, notContains=null]. Consider exposing JMeter plugins via META-INF/services, and add JMeter-Skip-Class-Scanning=true manifest attribute so JMeter can skip classfile scanning
2024-03-02 18:32:10,954 INFO o.a.j.r.ClassFinder: Will scan jar C:\Users\quint\OneDrive\Documentos\Repositorios\Exercicios_Ebac_Performance\apache-jmeter-5.6.3\lib\ext\jmeter-plugins-graphs-basic-2.0.jar with filter ExtendsClassFilter [parents=[interface org.apache.jmeter.visualizers.RequestView], inner=false, contains=null, notContains=null]. Consider exposing JMeter plugins via META-INF/services, and add JMeter-Skip-Class-Scanning=true manifest attribute so JMeter can skip classfile scanning
2024-03-02 18:32:10,955 INFO o.a.j.r.ClassFinder: Will scan jar C:\Users\quint\OneDrive\Documentos\Repositorios\Exercicios_Ebac_Performance\apache-jmeter-5.6.3\lib\ext\validatetg-1.0.1.jar with filter ExtendsClassFilter [parents=[interface org.apache.jmeter.visualizers.RequestView], inner=false, contains=null, notContains=null]. Consider exposing JMeter plugins via META-INF/services, and add JMeter-Skip-Class-Scanning=true manifest attribute so JMeter can skip classfile scanning
2024-03-02 18:32:10,960 INFO o.a.j.r.ClassFinder: Will scan jar C:\Users\quint\OneDrive\Documentos\Repositorios\Exercicios_Ebac_Performance\apache-jmeter-5.6.3\lib\ext\jmeter-plugins-manager-1.10.jar with filter ExtendsClassFilter [parents=[interface org.apache.jmeter.visualizers.RequestView], inner=false, contains=null, notContains=null]. Consider exposing JMeter plugins via META-INF/services, and add JMeter-Skip-Class-Scanning=true manifest attribute so JMeter can skip classfile scanning
2024-03-02 18:32:10,966 INFO o.a.j.r.ClassFinder: Will scan jar C:\Users\quint\OneDrive\Documentos\Repositorios\Exercicios_Ebac_Performance\apache-jmeter-5.6.3\lib\ext\jmeter-plugins-graphs-vs-2.0.jar with filter ExtendsClassFilter [parents=[interface org.apache.jmeter.visualizers.RequestView], inner=false, contains=null, notContains=null]. Consider exposing JMeter plugins via META-INF/services, and add JMeter-Skip-Class-Scanning=true manifest attribute so JMeter can skip classfile scanning
2024-03-02 18:32:30,659 INFO o.a.j.g.a.v.TreeClonerForValidation: Running validation with number of threads:1, ignoreTimers:true, number of iterations:1
2024-03-02 18:32:30,665 INFO o.a.j.e.StandardJMeterEngine: Running the test!
2024-03-02 18:32:30,667 INFO o.a.j.s.SampleEvent: List of sample_variables: []
2024-03-02 18:32:30,667 INFO o.a.j.s.SampleEvent: List of sample_variables: []
2024-03-02 18:32:30,669 INFO o.a.j.e.u.CompoundVariable: Note: Function class names must contain the string: '.functions.'
2024-03-02 18:32:30,669 INFO o.a.j.e.u.CompoundVariable: Note: Function class names must not contain the string: '.gui.'
2024-03-02 18:32:31,167 INFO o.a.j.r.ClassFinder: Will scan jar C:\Users\quint\OneDrive\Documentos\Repositorios\Exercicios_Ebac_Performance\apache-jmeter-5.6.3\lib\ext\jmeter-plugins-perfmon-2.1.jar with filter ExtendsClassFilter [parents=[interface org.apache.jmeter.functions.Function], inner=false, contains=null, notContains=null]. Consider exposing JMeter plugins via META-INF/services, and add JMeter-Skip-Class-Scanning=true manifest attribute so JMeter can skip classfile scanning
2024-03-02 18:32:31,168 INFO o.a.j.r.ClassFinder: Will scan jar C:\Users\quint\OneDrive\Documentos\Repositorios\Exercicios_Ebac_Performance\apache-jmeter-5.6.3\lib\ext\jmeter-plugins-graphs-basic-2.0.jar with filter ExtendsClassFilter [parents=[interface org.apache.jmeter.functions.Function], inner=false, contains=null, notContains=null]. Consider exposing JMeter plugins via META-INF/services, and add JMeter-Skip-Class-Scanning=true manifest attribute so JMeter can skip classfile scanning
2024-03-02 18:32:31,169 INFO o.a.j.r.ClassFinder: Will scan jar C:\Users\quint\OneDrive\Documentos\Repositorios\Exercicios_Ebac_Performance\apache-jmeter-5.6.3\lib\ext\validatetg-1.0.1.jar with filter ExtendsClassFilter [parents=[interface org.apache.jmeter.functions.Function], inner=false, contains=null, notContains=null]. Consider exposing JMeter plugins via META-INF/services, and add JMeter-Skip-Class-Scanning=true manifest attribute so JMeter can skip classfile scanning
2024-03-02 18:32:31,173 INFO o.a.j.r.ClassFinder: Will scan jar C:\Users\quint\OneDrive\Documentos\Repositorios\Exercicios_Ebac_Performance\apache-jmeter-5.6.3\lib\ext\jmeter-plugins-manager-1.10.jar with filter ExtendsClassFilter [parents=[interface org.apache.jmeter.functions.Function], inner=false, contains=null, notContains=null]. Consider exposing JMeter plugins via META-INF/services, and add JMeter-Skip-Class-Scanning=true manifest attribute so JMeter can skip classfile scanning
2024-03-02 18:32:31,177 INFO o.a.j.r.ClassFinder: Will scan jar C:\Users\quint\OneDrive\Documentos\Repositorios\Exercicios_Ebac_Performance\apache-jmeter-5.6.3\lib\ext\jmeter-plugins-graphs-vs-2.0.jar with filter ExtendsClassFilter [parents=[interface org.apache.jmeter.functions.Function], inner=false, contains=null, notContains=null]. Consider exposing JMeter plugins via META-INF/services, and add JMeter-Skip-Class-Scanning=true manifest attribute so JMeter can skip classfile scanning
2024-03-02 18:32:31,188 INFO o.a.j.g.u.JMeterMenuBar: setRunning(true, *local*)
2024-03-02 18:32:31,466 INFO o.a.j.e.StandardJMeterEngine: Starting ThreadGroup: 1 : Thread Group - Busca Youtube
2024-03-02 18:32:31,466 INFO o.a.j.e.StandardJMeterEngine: Starting 1 threads for group Thread Group - Busca Youtube.
2024-03-02 18:32:31,466 INFO o.a.j.e.StandardJMeterEngine: Thread will continue on error
2024-03-02 18:32:31,466 INFO o.a.j.t.ThreadGroup: Starting thread group... number=1 threads=1 ramp-up=60 delayedStart=false
2024-03-02 18:32:31,466 INFO o.a.j.t.ThreadGroup: Started thread group number 1
2024-03-02 18:32:31,466 INFO o.a.j.e.StandardJMeterEngine: All thread groups have been started
2024-03-02 18:32:31,477 INFO o.a.j.t.JMeterThread: Thread started: Thread Group - Busca Youtube 1-1
2024-03-02 18:32:31,477 INFO o.a.j.s.FileServer: Stored: C:\Users\quint\OneDrive\Documentos\Repositorios\Exercicios_Ebac_Performance\Tests\youtube\docs\data.csv
2024-03-02 18:32:31,508 INFO o.a.j.p.h.s.HTTPHCAbstractImpl: Local host = Quin-PC
2024-03-02 18:32:31,525 INFO o.a.j.p.h.s.HTTPHC4Impl: HTTP request retry count = 0
2024-03-02 18:32:32,701 INFO o.a.j.p.h.s.h.LazyLayeredConnectionSocketFactory: Setting up HTTPS TrustAll Socket Factory
2024-03-02 18:32:32,701 INFO o.a.j.u.JsseSSLManager: Using default SSL protocol: TLS
2024-03-02 18:32:32,701 INFO o.a.j.u.JsseSSLManager: SSL session context: per-thread
2024-03-02 18:32:32,713 INFO o.a.j.u.SSLManager: JmeterKeyStore Location:  type JKS
2024-03-02 18:32:32,713 INFO o.a.j.u.SSLManager: KeyStore created OK
2024-03-02 18:32:32,713 WARN o.a.j.u.SSLManager: Keystore file not found, loading empty keystore
2024-03-02 18:32:33,074 INFO o.a.j.t.JMeterThread: Thread is done: Thread Group - Busca Youtube 1-1
2024-03-02 18:32:33,074 INFO o.a.j.t.JMeterThread: Thread finished: Thread Group - Busca Youtube 1-1
2024-03-02 18:32:33,074 INFO o.a.j.e.StandardJMeterEngine: Notifying test listeners of end of test
2024-03-02 18:32:33,074 INFO o.a.j.s.FileServer: Close: C:\Users\quint\OneDrive\Documentos\Repositorios\Exercicios_Ebac_Performance\Tests\youtube\docs\data.csv
2024-03-02 18:32:33,074 INFO o.a.j.g.u.JMeterMenuBar: setRunning(false, *local*)
2024-03-02 18:33:05,778 INFO o.a.j.e.StandardJMeterEngine: Running the test!
2024-03-02 18:33:05,778 INFO o.a.j.s.SampleEvent: List of sample_variables: []
2024-03-02 18:33:05,783 INFO o.a.j.g.u.JMeterMenuBar: setRunning(true, *local*)
2024-03-02 18:33:06,058 INFO o.a.j.e.StandardJMeterEngine: Starting ThreadGroup: 1 : Thread Group - Busca Youtube
2024-03-02 18:33:06,058 INFO o.a.j.e.StandardJMeterEngine: Starting 1 threads for group Thread Group - Busca Youtube.
2024-03-02 18:33:06,058 INFO o.a.j.e.StandardJMeterEngine: Thread will continue on error
2024-03-02 18:33:06,058 INFO o.a.j.t.ThreadGroup: Starting thread group... number=1 threads=1 ramp-up=60 delayedStart=false
2024-03-02 18:33:06,058 INFO o.a.j.t.ThreadGroup: Started thread group number 1
2024-03-02 18:33:06,058 INFO o.a.j.e.StandardJMeterEngine: All thread groups have been started
2024-03-02 18:33:06,066 INFO o.a.j.t.JMeterThread: Thread started: Thread Group - Busca Youtube 1-1
2024-03-02 18:33:06,067 INFO o.a.j.s.FileServer: Stored: C:\Users\quint\OneDrive\Documentos\Repositorios\Exercicios_Ebac_Performance\Tests\youtube\docs\data.csv
2024-03-02 18:33:06,388 INFO o.a.j.t.JMeterThread: Thread is done: Thread Group - Busca Youtube 1-1
2024-03-02 18:33:06,388 INFO o.a.j.t.JMeterThread: Thread finished: Thread Group - Busca Youtube 1-1
2024-03-02 18:33:06,388 INFO o.a.j.e.StandardJMeterEngine: Notifying test listeners of end of test
2024-03-02 18:33:06,388 INFO o.a.j.s.FileServer: Close: C:\Users\quint\OneDrive\Documentos\Repositorios\Exercicios_Ebac_Performance\Tests\youtube\docs\data.csv
2024-03-02 18:33:06,401 INFO o.a.j.g.u.JMeterMenuBar: setRunning(false, *local*)
2024-03-02 18:33:08,083 INFO o.a.j.e.StandardJMeterEngine: Running the test!
2024-03-02 18:33:08,083 INFO o.a.j.s.SampleEvent: List of sample_variables: []
2024-03-02 18:33:08,083 INFO o.a.j.g.u.JMeterMenuBar: setRunning(true, *local*)
2024-03-02 18:33:08,304 INFO o.a.j.e.StandardJMeterEngine: Starting ThreadGroup: 1 : Thread Group - Busca Youtube
2024-03-02 18:33:08,304 INFO o.a.j.e.StandardJMeterEngine: Starting 1 threads for group Thread Group - Busca Youtube.
2024-03-02 18:33:08,304 INFO o.a.j.e.StandardJMeterEngine: Thread will continue on error
2024-03-02 18:33:08,304 INFO o.a.j.t.ThreadGroup: Starting thread group... number=1 threads=1 ramp-up=60 delayedStart=false
2024-03-02 18:33:08,306 INFO o.a.j.t.ThreadGroup: Started thread group number 1
2024-03-02 18:33:08,306 INFO o.a.j.e.StandardJMeterEngine: All thread groups have been started
2024-03-02 18:33:08,308 INFO o.a.j.t.JMeterThread: Thread started: Thread Group - Busca Youtube 1-1
2024-03-02 18:33:08,308 INFO o.a.j.s.FileServer: Stored: C:\Users\quint\OneDrive\Documentos\Repositorios\Exercicios_Ebac_Performance\Tests\youtube\docs\data.csv
2024-03-02 18:33:08,675 INFO o.a.j.t.JMeterThread: Thread is done: Thread Group - Busca Youtube 1-1
2024-03-02 18:33:08,675 INFO o.a.j.t.JMeterThread: Thread finished: Thread Group - Busca Youtube 1-1
2024-03-02 18:33:08,676 INFO o.a.j.e.StandardJMeterEngine: Notifying test listeners of end of test
2024-03-02 18:33:08,677 INFO o.a.j.s.FileServer: Close: C:\Users\quint\OneDrive\Documentos\Repositorios\Exercicios_Ebac_Performance\Tests\youtube\docs\data.csv
2024-03-02 18:33:08,677 INFO o.a.j.g.u.JMeterMenuBar: setRunning(false, *local*)
2024-03-02 18:35:19,670 INFO o.a.j.e.StandardJMeterEngine: Running the test!
2024-03-02 18:35:19,670 INFO o.a.j.s.SampleEvent: List of sample_variables: []
2024-03-02 18:35:19,670 INFO o.a.j.g.u.JMeterMenuBar: setRunning(true, *local*)
2024-03-02 18:35:19,984 INFO o.a.j.e.StandardJMeterEngine: Starting ThreadGroup: 1 : Thread Group - Busca Youtube
2024-03-02 18:35:19,984 INFO o.a.j.e.StandardJMeterEngine: Starting 20 threads for group Thread Group - Busca Youtube.
2024-03-02 18:35:19,984 INFO o.a.j.e.StandardJMeterEngine: Thread will continue on error
2024-03-02 18:35:19,984 INFO o.a.j.t.ThreadGroup: Starting thread group... number=1 threads=20 ramp-up=60 delayedStart=false
2024-03-02 18:35:19,984 INFO o.a.j.t.JMeterThread: Thread started: Thread Group - Busca Youtube 1-1
2024-03-02 18:35:19,984 INFO o.a.j.s.FileServer: Stored: C:\Users\quint\OneDrive\Documentos\Repositorios\Exercicios_Ebac_Performance\Tests\youtube\docs\data.csv
2024-03-02 18:35:20,000 INFO o.a.j.t.ThreadGroup: Started thread group number 1
2024-03-02 18:35:20,000 INFO o.a.j.e.StandardJMeterEngine: All thread groups have been started
2024-03-02 18:35:22,984 INFO o.a.j.t.JMeterThread: Thread started: Thread Group - Busca Youtube 1-2
2024-03-02 18:35:25,985 INFO o.a.j.t.JMeterThread: Thread started: Thread Group - Busca Youtube 1-3
2024-03-02 18:35:28,984 INFO o.a.j.t.JMeterThread: Thread started: Thread Group - Busca Youtube 1-4
2024-03-02 18:35:31,984 INFO o.a.j.t.JMeterThread: Thread started: Thread Group - Busca Youtube 1-5
2024-03-02 18:35:35,000 INFO o.a.j.t.JMeterThread: Thread started: Thread Group - Busca Youtube 1-6
2024-03-02 18:35:37,984 INFO o.a.j.t.JMeterThread: Thread started: Thread Group - Busca Youtube 1-7
2024-03-02 18:35:40,984 INFO o.a.j.t.JMeterThread: Thread started: Thread Group - Busca Youtube 1-8
2024-03-02 18:35:43,985 INFO o.a.j.t.JMeterThread: Thread started: Thread Group - Busca Youtube 1-9
2024-03-02 18:35:46,984 INFO o.a.j.t.JMeterThread: Thread started: Thread Group - Busca Youtube 1-10
2024-03-02 18:35:49,984 INFO o.a.j.t.JMeterThread: Thread started: Thread Group - Busca Youtube 1-11
2024-03-02 18:35:52,985 INFO o.a.j.t.JMeterThread: Thread started: Thread Group - Busca Youtube 1-12
2024-03-02 18:35:55,984 INFO o.a.j.t.JMeterThread: Thread started: Thread Group - Busca Youtube 1-13
2024-03-02 18:35:58,984 INFO o.a.j.t.JMeterThread: Thread started: Thread Group - Busca Youtube 1-14
2024-03-02 18:36:01,984 INFO o.a.j.t.JMeterThread: Thread started: Thread Group - Busca Youtube 1-15
2024-03-02 18:36:04,984 INFO o.a.j.t.JMeterThread: Thread started: Thread Group - Busca Youtube 1-16
2024-03-02 18:36:07,985 INFO o.a.j.t.JMeterThread: Thread started: Thread Group - Busca Youtube 1-17
2024-03-02 18:36:10,984 INFO o.a.j.t.JMeterThread: Thread started: Thread Group - Busca Youtube 1-18
2024-03-02 18:36:13,985 INFO o.a.j.t.JMeterThread: Thread started: Thread Group - Busca Youtube 1-19
2024-03-02 18:36:16,984 INFO o.a.j.t.JMeterThread: Thread started: Thread Group - Busca Youtube 1-20
2024-03-02 18:38:18,093 INFO o.a.j.t.JMeterThread: Thread finished: Thread Group - Busca Youtube 1-10
2024-03-02 18:38:18,170 INFO o.a.j.t.JMeterThread: Thread finished: Thread Group - Busca Youtube 1-12
2024-03-02 18:38:18,183 INFO o.a.j.t.JMeterThread: Thread finished: Thread Group - Busca Youtube 1-3
2024-03-02 18:38:18,234 INFO o.a.j.t.JMeterThread: Thread finished: Thread Group - Busca Youtube 1-19
2024-03-02 18:38:18,409 INFO o.a.j.t.JMeterThread: Thread finished: Thread Group - Busca Youtube 1-18
2024-03-02 18:38:18,432 INFO o.a.j.t.JMeterThread: Thread finished: Thread Group - Busca Youtube 1-5
2024-03-02 18:38:18,586 INFO o.a.j.t.JMeterThread: Thread finished: Thread Group - Busca Youtube 1-1
2024-03-02 18:38:18,627 INFO o.a.j.t.JMeterThread: Thread finished: Thread Group - Busca Youtube 1-6
2024-03-02 18:38:18,637 INFO o.a.j.t.JMeterThread: Thread finished: Thread Group - Busca Youtube 1-20
2024-03-02 18:38:19,063 INFO o.a.j.t.JMeterThread: Thread finished: Thread Group - Busca Youtube 1-2
2024-03-02 18:38:19,091 INFO o.a.j.t.JMeterThread: Thread finished: Thread Group - Busca Youtube 1-7
2024-03-02 18:38:19,247 INFO o.a.j.t.JMeterThread: Thread finished: Thread Group - Busca Youtube 1-16
2024-03-02 18:38:19,439 INFO o.a.j.t.JMeterThread: Thread finished: Thread Group - Busca Youtube 1-15
2024-03-02 18:38:19,439 INFO o.a.j.t.JMeterThread: Thread finished: Thread Group - Busca Youtube 1-11
2024-03-02 18:38:19,570 INFO o.a.j.t.JMeterThread: Thread finished: Thread Group - Busca Youtube 1-9
2024-03-02 18:38:19,917 INFO o.a.j.t.JMeterThread: Thread finished: Thread Group - Busca Youtube 1-17
2024-03-02 18:38:20,015 INFO o.a.j.t.JMeterThread: Stopping because end time detected by thread: Thread Group - Busca Youtube 1-13
2024-03-02 18:38:20,015 INFO o.a.j.t.JMeterThread: Thread finished: Thread Group - Busca Youtube 1-13
2024-03-02 18:38:20,030 INFO o.a.j.t.JMeterThread: Stopping because end time detected by thread: Thread Group - Busca Youtube 1-14
2024-03-02 18:38:20,030 INFO o.a.j.t.JMeterThread: Stopping because end time detected by thread: Thread Group - Busca Youtube 1-4
2024-03-02 18:38:20,030 INFO o.a.j.t.JMeterThread: Thread finished: Thread Group - Busca Youtube 1-14
2024-03-02 18:38:20,031 INFO o.a.j.t.JMeterThread: Thread finished: Thread Group - Busca Youtube 1-4
2024-03-02 18:38:20,156 INFO o.a.j.t.JMeterThread: Stopping because end time detected by thread: Thread Group - Busca Youtube 1-8
2024-03-02 18:38:20,156 INFO o.a.j.t.JMeterThread: Thread finished: Thread Group - Busca Youtube 1-8
2024-03-02 18:38:20,157 INFO o.a.j.e.StandardJMeterEngine: Notifying test listeners of end of test
2024-03-02 18:38:20,157 INFO o.a.j.s.FileServer: Close: C:\Users\quint\OneDrive\Documentos\Repositorios\Exercicios_Ebac_Performance\Tests\youtube\docs\data.csv
2024-03-02 18:38:20,158 INFO o.a.j.g.u.JMeterMenuBar: setRunning(false, *local*)
